<?xml version="1.0" encoding="UTF-8"?>
<testsuite name="io.qameta.allure.ManualTest1" tests="1" skipped="0" failures="0" errors="0" timestamp="2025-06-04T13:31:03" hostname="192.168.1.6" time="0.007">
  <properties/>
  <testcase name="manualLoginTest()" classname="io.qameta.allure.ManualTest1" time="0.007"/>
  <system-out><![CDATA[]]></system-out>
  <system-err><![CDATA[]]></system-err>
</testsuite>
