<?xml version="1.0" encoding="UTF-8"?>
<testsuite name="io.qameta.allure.TestAllure" tests="1" skipped="0" failures="0" errors="0" timestamp="2025-05-29T12:48:53" hostname="192.168.1.6" time="0.009">
  <properties/>
  <testcase name="Authenticate with username and password (Google Chrome)" classname="io.qameta.allure.TestAllure" time="0.009"/>
  <system-out><![CDATA[]]></system-out>
  <system-err><![CDATA[]]></system-err>
</testsuite>
