<?xml version="1.0" encoding="UTF-8"?>
<testsuite name="io.qameta.allure.ManualTest3" tests="1" skipped="0" failures="0" errors="0" timestamp="2025-05-29T14:21:05" hostname="192.168.1.6" time="0.01">
  <properties/>
  <testcase name="testProductSearch()" classname="io.qameta.allure.ManualTest3" time="0.01"/>
  <system-out><![CDATA[]]></system-out>
  <system-err><![CDATA[]]></system-err>
</testsuite>
